# Logfile created on 2014-01-09 13:17:02 +0900 by logger.rb/36483
I, [2014-01-09T13:17:02.620383 #13498]  INFO -- : 0:  diff-lcs (1.2.5) from /Users/paranoiase/.rbenv/versions/2.0.0-p247/lib/ruby/gems/2.0.0/specifications/diff-lcs-1.2.5.gemspec
I, [2014-01-09T13:17:02.621135 #13498]  INFO -- : 0:  rspec-core (2.14.7) from /Users/paranoiase/.rbenv/versions/2.0.0-p247/lib/ruby/gems/2.0.0/specifications/rspec-core-2.14.7.gemspec
I, [2014-01-09T13:17:02.621753 #13498]  INFO -- : 0:  rspec-expectations (2.14.4) from /Users/paranoiase/.rbenv/versions/2.0.0-p247/lib/ruby/gems/2.0.0/specifications/rspec-expectations-2.14.4.gemspec
I, [2014-01-09T13:17:02.622270 #13498]  INFO -- : 0:  rspec-mocks (2.14.4) from /Users/paranoiase/.rbenv/versions/2.0.0-p247/lib/ruby/gems/2.0.0/specifications/rspec-mocks-2.14.4.gemspec
I, [2014-01-09T13:17:02.622776 #13498]  INFO -- : 0:  rspec (2.14.1) from /Users/paranoiase/.rbenv/versions/2.0.0-p247/lib/ruby/gems/2.0.0/specifications/rspec-2.14.1.gemspec
I, [2014-01-09T13:17:02.623219 #13498]  INFO -- : 0:  bundler (1.5.1) from /Users/paranoiase/.rbenv/versions/2.0.0-p247/lib/ruby/gems/2.0.0/specifications/bundler-1.5.1.gemspec
I, [2014-01-09T13:21:24.087371 #13724]  INFO -- : 0:  timers (1.1.0) from /Users/paranoiase/.rbenv/versions/2.0.0-p247/lib/ruby/gems/2.0.0/specifications/timers-1.1.0.gemspec
I, [2014-01-09T13:21:24.088094 #13724]  INFO -- : 0:  celluloid (0.15.2) from /Users/paranoiase/.rbenv/versions/2.0.0-p247/lib/ruby/gems/2.0.0/specifications/celluloid-0.15.2.gemspec
I, [2014-01-09T13:21:24.088676 #13724]  INFO -- : 0:  coderay (1.1.0) from /Users/paranoiase/.rbenv/versions/2.0.0-p247/lib/ruby/gems/2.0.0/specifications/coderay-1.1.0.gemspec
I, [2014-01-09T13:21:24.089211 #13724]  INFO -- : 0:  diff-lcs (1.2.5) from /Users/paranoiase/.rbenv/versions/2.0.0-p247/lib/ruby/gems/2.0.0/specifications/diff-lcs-1.2.5.gemspec
I, [2014-01-09T13:21:24.089716 #13724]  INFO -- : 0:  ffi (1.9.3) from /Users/paranoiase/.rbenv/versions/2.0.0-p247/lib/ruby/gems/2.0.0/specifications/ffi-1.9.3.gemspec
I, [2014-01-09T13:21:24.090183 #13724]  INFO -- : 0:  formatador (0.2.4) from /Users/paranoiase/.rbenv/versions/2.0.0-p247/lib/ruby/gems/2.0.0/specifications/formatador-0.2.4.gemspec
I, [2014-01-09T13:21:24.090656 #13724]  INFO -- : 0:  rb-fsevent (0.9.4) from /Users/paranoiase/.rbenv/versions/2.0.0-p247/lib/ruby/gems/2.0.0/specifications/rb-fsevent-0.9.4.gemspec
I, [2014-01-09T13:21:24.091135 #13724]  INFO -- : 0:  rb-inotify (0.9.3) from /Users/paranoiase/.rbenv/versions/2.0.0-p247/lib/ruby/gems/2.0.0/specifications/rb-inotify-0.9.3.gemspec
I, [2014-01-09T13:21:24.091614 #13724]  INFO -- : 0:  listen (2.4.0) from /Users/paranoiase/.rbenv/versions/2.0.0-p247/lib/ruby/gems/2.0.0/specifications/listen-2.4.0.gemspec
I, [2014-01-09T13:21:24.092089 #13724]  INFO -- : 0:  lumberjack (1.0.4) from /Users/paranoiase/.rbenv/versions/2.0.0-p247/lib/ruby/gems/2.0.0/specifications/lumberjack-1.0.4.gemspec
I, [2014-01-09T13:21:24.092564 #13724]  INFO -- : 0:  method_source (0.8.2) from /Users/paranoiase/.rbenv/versions/2.0.0-p247/lib/ruby/gems/2.0.0/specifications/method_source-0.8.2.gemspec
I, [2014-01-09T13:21:24.093044 #13724]  INFO -- : 0:  slop (3.4.7) from /Users/paranoiase/.rbenv/versions/2.0.0-p247/lib/ruby/gems/2.0.0/specifications/slop-3.4.7.gemspec
I, [2014-01-09T13:21:24.093520 #13724]  INFO -- : 0:  pry (0.9.12.4) from /Users/paranoiase/.rbenv/versions/2.0.0-p247/lib/ruby/gems/2.0.0/specifications/pry-0.9.12.4.gemspec
I, [2014-01-09T13:21:24.093978 #13724]  INFO -- : 0:  thor (0.18.1) from /Users/paranoiase/.rbenv/versions/2.0.0-p247/lib/ruby/gems/2.0.0/specifications/thor-0.18.1.gemspec
I, [2014-01-09T13:21:24.094456 #13724]  INFO -- : 0:  guard (2.2.5) from /Users/paranoiase/.rbenv/versions/2.0.0-p247/lib/ruby/gems/2.0.0/specifications/guard-2.2.5.gemspec
I, [2014-01-09T13:21:24.094922 #13724]  INFO -- : 0:  rspec-core (2.14.7) from /Users/paranoiase/.rbenv/versions/2.0.0-p247/lib/ruby/gems/2.0.0/specifications/rspec-core-2.14.7.gemspec
I, [2014-01-09T13:21:24.095387 #13724]  INFO -- : 0:  rspec-expectations (2.14.4) from /Users/paranoiase/.rbenv/versions/2.0.0-p247/lib/ruby/gems/2.0.0/specifications/rspec-expectations-2.14.4.gemspec
I, [2014-01-09T13:21:24.095889 #13724]  INFO -- : 0:  rspec-mocks (2.14.4) from /Users/paranoiase/.rbenv/versions/2.0.0-p247/lib/ruby/gems/2.0.0/specifications/rspec-mocks-2.14.4.gemspec
I, [2014-01-09T13:21:24.096359 #13724]  INFO -- : 0:  rspec (2.14.1) from /Users/paranoiase/.rbenv/versions/2.0.0-p247/lib/ruby/gems/2.0.0/specifications/rspec-2.14.1.gemspec
I, [2014-01-09T13:21:24.096839 #13724]  INFO -- : 0:  guard-rspec (4.2.3) from /Users/paranoiase/.rbenv/versions/2.0.0-p247/lib/ruby/gems/2.0.0/specifications/guard-rspec-4.2.3.gemspec
I, [2014-01-09T13:21:24.097244 #13724]  INFO -- : 0:  bundler (1.5.1) from /Users/paranoiase/.rbenv/versions/2.0.0-p247/lib/ruby/gems/2.0.0/specifications/bundler-1.5.1.gemspec
I, [2014-01-09T13:49:48.059789 #14796]  INFO -- : 0:  timers (1.1.0) from /Users/paranoiase/.rbenv/versions/2.0.0-p247/lib/ruby/gems/2.0.0/specifications/timers-1.1.0.gemspec
I, [2014-01-09T13:49:48.080355 #14796]  INFO -- : 0:  celluloid (0.15.2) from /Users/paranoiase/.rbenv/versions/2.0.0-p247/lib/ruby/gems/2.0.0/specifications/celluloid-0.15.2.gemspec
I, [2014-01-09T13:49:48.081176 #14796]  INFO -- : 0:  coderay (1.1.0) from /Users/paranoiase/.rbenv/versions/2.0.0-p247/lib/ruby/gems/2.0.0/specifications/coderay-1.1.0.gemspec
I, [2014-01-09T13:49:48.081777 #14796]  INFO -- : 0:  diff-lcs (1.2.5) from /Users/paranoiase/.rbenv/versions/2.0.0-p247/lib/ruby/gems/2.0.0/specifications/diff-lcs-1.2.5.gemspec
I, [2014-01-09T13:49:48.082361 #14796]  INFO -- : 0:  ffi (1.9.3) from /Users/paranoiase/.rbenv/versions/2.0.0-p247/lib/ruby/gems/2.0.0/specifications/ffi-1.9.3.gemspec
I, [2014-01-09T13:49:48.082925 #14796]  INFO -- : 0:  formatador (0.2.4) from /Users/paranoiase/.rbenv/versions/2.0.0-p247/lib/ruby/gems/2.0.0/specifications/formatador-0.2.4.gemspec
I, [2014-01-09T13:49:48.083487 #14796]  INFO -- : 0:  rb-fsevent (0.9.4) from /Users/paranoiase/.rbenv/versions/2.0.0-p247/lib/ruby/gems/2.0.0/specifications/rb-fsevent-0.9.4.gemspec
I, [2014-01-09T13:49:48.084053 #14796]  INFO -- : 0:  rb-inotify (0.9.3) from /Users/paranoiase/.rbenv/versions/2.0.0-p247/lib/ruby/gems/2.0.0/specifications/rb-inotify-0.9.3.gemspec
I, [2014-01-09T13:49:48.084605 #14796]  INFO -- : 0:  listen (2.4.0) from /Users/paranoiase/.rbenv/versions/2.0.0-p247/lib/ruby/gems/2.0.0/specifications/listen-2.4.0.gemspec
I, [2014-01-09T13:49:48.085162 #14796]  INFO -- : 0:  lumberjack (1.0.4) from /Users/paranoiase/.rbenv/versions/2.0.0-p247/lib/ruby/gems/2.0.0/specifications/lumberjack-1.0.4.gemspec
I, [2014-01-09T13:49:48.085720 #14796]  INFO -- : 0:  method_source (0.8.2) from /Users/paranoiase/.rbenv/versions/2.0.0-p247/lib/ruby/gems/2.0.0/specifications/method_source-0.8.2.gemspec
I, [2014-01-09T13:49:48.086303 #14796]  INFO -- : 0:  slop (3.4.7) from /Users/paranoiase/.rbenv/versions/2.0.0-p247/lib/ruby/gems/2.0.0/specifications/slop-3.4.7.gemspec
I, [2014-01-09T13:49:48.086803 #14796]  INFO -- : 0:  pry (0.9.12.4) from /Users/paranoiase/.rbenv/versions/2.0.0-p247/lib/ruby/gems/2.0.0/specifications/pry-0.9.12.4.gemspec
I, [2014-01-09T13:49:48.087283 #14796]  INFO -- : 0:  thor (0.18.1) from /Users/paranoiase/.rbenv/versions/2.0.0-p247/lib/ruby/gems/2.0.0/specifications/thor-0.18.1.gemspec
I, [2014-01-09T13:49:48.087788 #14796]  INFO -- : 0:  guard (2.2.5) from /Users/paranoiase/.rbenv/versions/2.0.0-p247/lib/ruby/gems/2.0.0/specifications/guard-2.2.5.gemspec
I, [2014-01-09T13:49:48.088274 #14796]  INFO -- : 0:  rspec-core (2.14.7) from /Users/paranoiase/.rbenv/versions/2.0.0-p247/lib/ruby/gems/2.0.0/specifications/rspec-core-2.14.7.gemspec
I, [2014-01-09T13:49:48.088762 #14796]  INFO -- : 0:  rspec-expectations (2.14.4) from /Users/paranoiase/.rbenv/versions/2.0.0-p247/lib/ruby/gems/2.0.0/specifications/rspec-expectations-2.14.4.gemspec
I, [2014-01-09T13:49:48.089219 #14796]  INFO -- : 0:  rspec-mocks (2.14.4) from /Users/paranoiase/.rbenv/versions/2.0.0-p247/lib/ruby/gems/2.0.0/specifications/rspec-mocks-2.14.4.gemspec
I, [2014-01-09T13:49:48.089715 #14796]  INFO -- : 0:  rspec (2.14.1) from /Users/paranoiase/.rbenv/versions/2.0.0-p247/lib/ruby/gems/2.0.0/specifications/rspec-2.14.1.gemspec
I, [2014-01-09T13:49:48.090197 #14796]  INFO -- : 0:  guard-rspec (4.2.3) from /Users/paranoiase/.rbenv/versions/2.0.0-p247/lib/ruby/gems/2.0.0/specifications/guard-rspec-4.2.3.gemspec
I, [2014-01-09T13:49:48.090693 #14796]  INFO -- : 0:  mini_portile (0.5.2) from /Users/paranoiase/.rbenv/versions/2.0.0-p247/lib/ruby/gems/2.0.0/specifications/mini_portile-0.5.2.gemspec
I, [2014-01-09T13:49:48.091198 #14796]  INFO -- : 0:  nokogiri (1.6.1) from /Users/paranoiase/.rbenv/versions/2.0.0-p247/lib/ruby/gems/2.0.0/specifications/nokogiri-1.6.1.gemspec
I, [2014-01-09T13:49:48.091611 #14796]  INFO -- : 0:  bundler (1.5.1) from /Users/paranoiase/.rbenv/versions/2.0.0-p247/lib/ruby/gems/2.0.0/specifications/bundler-1.5.1.gemspec
I, [2014-01-09T14:35:37.854760 #16031]  INFO -- : 0:  timers (1.1.0) from /Users/paranoiase/.rbenv/versions/2.0.0-p247/lib/ruby/gems/2.0.0/specifications/timers-1.1.0.gemspec
I, [2014-01-09T14:35:37.874088 #16031]  INFO -- : 0:  celluloid (0.15.2) from /Users/paranoiase/.rbenv/versions/2.0.0-p247/lib/ruby/gems/2.0.0/specifications/celluloid-0.15.2.gemspec
I, [2014-01-09T14:35:37.874701 #16031]  INFO -- : 0:  coderay (1.1.0) from /Users/paranoiase/.rbenv/versions/2.0.0-p247/lib/ruby/gems/2.0.0/specifications/coderay-1.1.0.gemspec
I, [2014-01-09T14:35:37.875257 #16031]  INFO -- : 0:  diff-lcs (1.2.5) from /Users/paranoiase/.rbenv/versions/2.0.0-p247/lib/ruby/gems/2.0.0/specifications/diff-lcs-1.2.5.gemspec
I, [2014-01-09T14:35:37.875803 #16031]  INFO -- : 0:  ffi (1.9.3) from /Users/paranoiase/.rbenv/versions/2.0.0-p247/lib/ruby/gems/2.0.0/specifications/ffi-1.9.3.gemspec
I, [2014-01-09T14:35:37.876317 #16031]  INFO -- : 0:  formatador (0.2.4) from /Users/paranoiase/.rbenv/versions/2.0.0-p247/lib/ruby/gems/2.0.0/specifications/formatador-0.2.4.gemspec
I, [2014-01-09T14:35:37.876913 #16031]  INFO -- : 0:  rb-fsevent (0.9.4) from /Users/paranoiase/.rbenv/versions/2.0.0-p247/lib/ruby/gems/2.0.0/specifications/rb-fsevent-0.9.4.gemspec
I, [2014-01-09T14:35:37.877432 #16031]  INFO -- : 0:  rb-inotify (0.9.3) from /Users/paranoiase/.rbenv/versions/2.0.0-p247/lib/ruby/gems/2.0.0/specifications/rb-inotify-0.9.3.gemspec
I, [2014-01-09T14:35:37.877979 #16031]  INFO -- : 0:  listen (2.4.0) from /Users/paranoiase/.rbenv/versions/2.0.0-p247/lib/ruby/gems/2.0.0/specifications/listen-2.4.0.gemspec
I, [2014-01-09T14:35:37.878514 #16031]  INFO -- : 0:  lumberjack (1.0.4) from /Users/paranoiase/.rbenv/versions/2.0.0-p247/lib/ruby/gems/2.0.0/specifications/lumberjack-1.0.4.gemspec
I, [2014-01-09T14:35:37.879119 #16031]  INFO -- : 0:  method_source (0.8.2) from /Users/paranoiase/.rbenv/versions/2.0.0-p247/lib/ruby/gems/2.0.0/specifications/method_source-0.8.2.gemspec
I, [2014-01-09T14:35:37.879664 #16031]  INFO -- : 0:  slop (3.4.7) from /Users/paranoiase/.rbenv/versions/2.0.0-p247/lib/ruby/gems/2.0.0/specifications/slop-3.4.7.gemspec
I, [2014-01-09T14:35:37.880130 #16031]  INFO -- : 0:  pry (0.9.12.4) from /Users/paranoiase/.rbenv/versions/2.0.0-p247/lib/ruby/gems/2.0.0/specifications/pry-0.9.12.4.gemspec
I, [2014-01-09T14:35:37.880559 #16031]  INFO -- : 0:  thor (0.18.1) from /Users/paranoiase/.rbenv/versions/2.0.0-p247/lib/ruby/gems/2.0.0/specifications/thor-0.18.1.gemspec
I, [2014-01-09T14:35:37.881015 #16031]  INFO -- : 0:  guard (2.2.5) from /Users/paranoiase/.rbenv/versions/2.0.0-p247/lib/ruby/gems/2.0.0/specifications/guard-2.2.5.gemspec
I, [2014-01-09T14:35:37.881455 #16031]  INFO -- : 0:  rspec-core (2.14.7) from /Users/paranoiase/.rbenv/versions/2.0.0-p247/lib/ruby/gems/2.0.0/specifications/rspec-core-2.14.7.gemspec
I, [2014-01-09T14:35:37.881896 #16031]  INFO -- : 0:  rspec-expectations (2.14.4) from /Users/paranoiase/.rbenv/versions/2.0.0-p247/lib/ruby/gems/2.0.0/specifications/rspec-expectations-2.14.4.gemspec
I, [2014-01-09T14:35:37.882335 #16031]  INFO -- : 0:  rspec-mocks (2.14.4) from /Users/paranoiase/.rbenv/versions/2.0.0-p247/lib/ruby/gems/2.0.0/specifications/rspec-mocks-2.14.4.gemspec
I, [2014-01-09T14:35:37.882812 #16031]  INFO -- : 0:  rspec (2.14.1) from /Users/paranoiase/.rbenv/versions/2.0.0-p247/lib/ruby/gems/2.0.0/specifications/rspec-2.14.1.gemspec
I, [2014-01-09T14:35:37.883275 #16031]  INFO -- : 0:  guard-rspec (4.2.3) from /Users/paranoiase/.rbenv/versions/2.0.0-p247/lib/ruby/gems/2.0.0/specifications/guard-rspec-4.2.3.gemspec
I, [2014-01-09T14:35:37.883733 #16031]  INFO -- : 0:  mini_portile (0.5.2) from /Users/paranoiase/.rbenv/versions/2.0.0-p247/lib/ruby/gems/2.0.0/specifications/mini_portile-0.5.2.gemspec
I, [2014-01-09T14:35:37.884158 #16031]  INFO -- : 0:  nokogiri (1.6.1) from /Users/paranoiase/.rbenv/versions/2.0.0-p247/lib/ruby/gems/2.0.0/specifications/nokogiri-1.6.1.gemspec
I, [2014-01-09T14:35:37.884596 #16031]  INFO -- : 0:  rack (1.5.2) from /Users/paranoiase/.rbenv/versions/2.0.0-p247/lib/ruby/gems/2.0.0/specifications/rack-1.5.2.gemspec
I, [2014-01-09T14:35:37.885047 #16031]  INFO -- : 0:  rack-protection (1.5.1) from /Users/paranoiase/.rbenv/versions/2.0.0-p247/lib/ruby/gems/2.0.0/specifications/rack-protection-1.5.1.gemspec
I, [2014-01-09T14:35:37.885487 #16031]  INFO -- : 0:  tilt (1.4.1) from /Users/paranoiase/.rbenv/versions/2.0.0-p247/lib/ruby/gems/2.0.0/specifications/tilt-1.4.1.gemspec
I, [2014-01-09T14:35:37.885937 #16031]  INFO -- : 0:  sinatra (1.4.4) from /Users/paranoiase/.rbenv/versions/2.0.0-p247/lib/ruby/gems/2.0.0/specifications/sinatra-1.4.4.gemspec
I, [2014-01-09T14:35:37.886333 #16031]  INFO -- : 0:  bundler (1.5.1) from /Users/paranoiase/.rbenv/versions/2.0.0-p247/lib/ruby/gems/2.0.0/specifications/bundler-1.5.1.gemspec
I, [2014-01-09T14:37:56.588128 #16120]  INFO -- : 0:  timers (1.1.0) from /Users/paranoiase/.rbenv/versions/2.0.0-p247/lib/ruby/gems/2.0.0/specifications/timers-1.1.0.gemspec
I, [2014-01-09T14:37:56.588813 #16120]  INFO -- : 0:  celluloid (0.15.2) from /Users/paranoiase/.rbenv/versions/2.0.0-p247/lib/ruby/gems/2.0.0/specifications/celluloid-0.15.2.gemspec
I, [2014-01-09T14:37:56.589287 #16120]  INFO -- : 0:  coderay (1.1.0) from /Users/paranoiase/.rbenv/versions/2.0.0-p247/lib/ruby/gems/2.0.0/specifications/coderay-1.1.0.gemspec
I, [2014-01-09T14:37:56.589755 #16120]  INFO -- : 0:  diff-lcs (1.2.5) from /Users/paranoiase/.rbenv/versions/2.0.0-p247/lib/ruby/gems/2.0.0/specifications/diff-lcs-1.2.5.gemspec
I, [2014-01-09T14:37:56.590244 #16120]  INFO -- : 0:  ffi (1.9.3) from /Users/paranoiase/.rbenv/versions/2.0.0-p247/lib/ruby/gems/2.0.0/specifications/ffi-1.9.3.gemspec
I, [2014-01-09T14:37:56.590685 #16120]  INFO -- : 0:  formatador (0.2.4) from /Users/paranoiase/.rbenv/versions/2.0.0-p247/lib/ruby/gems/2.0.0/specifications/formatador-0.2.4.gemspec
I, [2014-01-09T14:37:56.591135 #16120]  INFO -- : 0:  rb-fsevent (0.9.4) from /Users/paranoiase/.rbenv/versions/2.0.0-p247/lib/ruby/gems/2.0.0/specifications/rb-fsevent-0.9.4.gemspec
I, [2014-01-09T14:37:56.591562 #16120]  INFO -- : 0:  rb-inotify (0.9.3) from /Users/paranoiase/.rbenv/versions/2.0.0-p247/lib/ruby/gems/2.0.0/specifications/rb-inotify-0.9.3.gemspec
I, [2014-01-09T14:37:56.592013 #16120]  INFO -- : 0:  listen (2.4.0) from /Users/paranoiase/.rbenv/versions/2.0.0-p247/lib/ruby/gems/2.0.0/specifications/listen-2.4.0.gemspec
I, [2014-01-09T14:37:56.592453 #16120]  INFO -- : 0:  lumberjack (1.0.4) from /Users/paranoiase/.rbenv/versions/2.0.0-p247/lib/ruby/gems/2.0.0/specifications/lumberjack-1.0.4.gemspec
I, [2014-01-09T14:37:56.592928 #16120]  INFO -- : 0:  method_source (0.8.2) from /Users/paranoiase/.rbenv/versions/2.0.0-p247/lib/ruby/gems/2.0.0/specifications/method_source-0.8.2.gemspec
I, [2014-01-09T14:37:56.593378 #16120]  INFO -- : 0:  slop (3.4.7) from /Users/paranoiase/.rbenv/versions/2.0.0-p247/lib/ruby/gems/2.0.0/specifications/slop-3.4.7.gemspec
I, [2014-01-09T14:37:56.593829 #16120]  INFO -- : 0:  pry (0.9.12.4) from /Users/paranoiase/.rbenv/versions/2.0.0-p247/lib/ruby/gems/2.0.0/specifications/pry-0.9.12.4.gemspec
I, [2014-01-09T14:37:56.594267 #16120]  INFO -- : 0:  thor (0.18.1) from /Users/paranoiase/.rbenv/versions/2.0.0-p247/lib/ruby/gems/2.0.0/specifications/thor-0.18.1.gemspec
I, [2014-01-09T14:37:56.594752 #16120]  INFO -- : 0:  guard (2.2.5) from /Users/paranoiase/.rbenv/versions/2.0.0-p247/lib/ruby/gems/2.0.0/specifications/guard-2.2.5.gemspec
I, [2014-01-09T14:37:56.595179 #16120]  INFO -- : 0:  rspec-core (2.14.7) from /Users/paranoiase/.rbenv/versions/2.0.0-p247/lib/ruby/gems/2.0.0/specifications/rspec-core-2.14.7.gemspec
I, [2014-01-09T14:37:56.595621 #16120]  INFO -- : 0:  rspec-expectations (2.14.4) from /Users/paranoiase/.rbenv/versions/2.0.0-p247/lib/ruby/gems/2.0.0/specifications/rspec-expectations-2.14.4.gemspec
I, [2014-01-09T14:37:56.596074 #16120]  INFO -- : 0:  rspec-mocks (2.14.4) from /Users/paranoiase/.rbenv/versions/2.0.0-p247/lib/ruby/gems/2.0.0/specifications/rspec-mocks-2.14.4.gemspec
I, [2014-01-09T14:37:56.596511 #16120]  INFO -- : 0:  rspec (2.14.1) from /Users/paranoiase/.rbenv/versions/2.0.0-p247/lib/ruby/gems/2.0.0/specifications/rspec-2.14.1.gemspec
I, [2014-01-09T14:37:56.596965 #16120]  INFO -- : 0:  guard-rspec (4.2.3) from /Users/paranoiase/.rbenv/versions/2.0.0-p247/lib/ruby/gems/2.0.0/specifications/guard-rspec-4.2.3.gemspec
I, [2014-01-09T14:37:56.597421 #16120]  INFO -- : 0:  mini_portile (0.5.2) from /Users/paranoiase/.rbenv/versions/2.0.0-p247/lib/ruby/gems/2.0.0/specifications/mini_portile-0.5.2.gemspec
I, [2014-01-09T14:37:56.597882 #16120]  INFO -- : 0:  nokogiri (1.6.1) from /Users/paranoiase/.rbenv/versions/2.0.0-p247/lib/ruby/gems/2.0.0/specifications/nokogiri-1.6.1.gemspec
I, [2014-01-09T14:37:56.598390 #16120]  INFO -- : 0:  rack (1.5.2) from /Users/paranoiase/.rbenv/versions/2.0.0-p247/lib/ruby/gems/2.0.0/specifications/rack-1.5.2.gemspec
I, [2014-01-09T14:37:56.598839 #16120]  INFO -- : 0:  rack-protection (1.5.1) from /Users/paranoiase/.rbenv/versions/2.0.0-p247/lib/ruby/gems/2.0.0/specifications/rack-protection-1.5.1.gemspec
I, [2014-01-09T14:37:56.599315 #16120]  INFO -- : 0:  rack-test (0.6.2) from /Users/paranoiase/.rbenv/versions/2.0.0-p247/lib/ruby/gems/2.0.0/specifications/rack-test-0.6.2.gemspec
I, [2014-01-09T14:37:56.599783 #16120]  INFO -- : 0:  tilt (1.4.1) from /Users/paranoiase/.rbenv/versions/2.0.0-p247/lib/ruby/gems/2.0.0/specifications/tilt-1.4.1.gemspec
I, [2014-01-09T14:37:56.600259 #16120]  INFO -- : 0:  sinatra (1.4.4) from /Users/paranoiase/.rbenv/versions/2.0.0-p247/lib/ruby/gems/2.0.0/specifications/sinatra-1.4.4.gemspec
I, [2014-01-09T14:37:56.600676 #16120]  INFO -- : 0:  bundler (1.5.1) from /Users/paranoiase/.rbenv/versions/2.0.0-p247/lib/ruby/gems/2.0.0/specifications/bundler-1.5.1.gemspec
